<?xml version="1.0" encoding="UTF-8"?>
<!-- Generated by org.testng.reporters.JUnitReportReporter -->
<testsuite hostname="TYSS-Omitya-Mokal" failures="0" tests="1" name="testScripts.TestCase03" time="10.995" errors="0" timestamp="2024-05-02T12:25:26 IST" skipped="0">
  <testcase classname="testScripts.TestCase03" name="ktmTestCase" time="10.995"/>
  <system-out>
    <![CDATA[TVS Motorcycle Page is  Displayed..]]>
  </system-out>
</testsuite> <!-- testScripts.TestCase03 -->
